<?xml version="1.0" encoding="UTF-8"?>
<testsuite xmlns:xsi="http://www.w3.org/2001/XMLSchema-instance" xsi:noNamespaceSchemaLocation="https://maven.apache.org/surefire/maven-surefire-plugin/xsd/surefire-test-report-3.0.xsd" version="3.0" name="io.github.bonigarcia.CucumberTest" time="7.91" tests="1" errors="0" skipped="0" failures="0">
  <properties>
[...]
</properties>
  <testcase name="Successful Usage" classname="Blaze Demo Usage" time="7.718">
    <system-out><![CDATA[






BlazeDemo Purchase













BlazeDemo Confirmation






]]></system-out>
    <system-err><![CDATA[1679071382751	geckodriver	INFO	Listening on 127.0.0.1:4017
1679071383045	mozrunner::runner	INFO	Running command: "C:\\Program Files\\Mozilla Firefox\\firefox.exe" "--marionette" "--remote-debugging-port" "15733" "--remote ... localhost:15733/,http://[::1]:15733/" "-no-remote" "-profile" "C:\\Users\\jtele\\AppData\\Local\\Temp\\rust_mozprofile4zA40z"
console.warn: services.settings: Ignoring preference override of remote settings server
console.warn: services.settings: Allow by setting MOZ_REMOTE_SETTINGS_DEVTOOLS=1 in the environment
1679071383465	Marionette	INFO	Marionette enabled
Dynamically enable window occlusion 0
1679071383471	Marionette	INFO	Listening on port 56522
Read port: 56522
WebDriver BiDi listening on ws://127.0.0.1:15733
1679071383661	RemoteAgent	WARN	TLS certificate errors will be ignored for this session
console.warn: SearchSettings: "get: No settings file exists, new profile?" (new NotFoundError("Could not open the file at C:\\Users\\jtele\\AppData\\Local\\Temp\\rust_mozprofile4zA40z\\search.json.mozlz4", (void 0)))
DevTools listening on ws://127.0.0.1:15733/devtools/browser/bb648901-8168-4c2d-92d0-2aa059a59d35
JavaScript error: https://blazedemo.com/assets/bootstrap.min.js, line 7: TypeError: a is not a function
JavaScript error: https://blazedemo.com/assets/bootstrap-table.js, line 1126: ReferenceError: jQuery is not defined
console.error: ({})
console.warn: LoginRecipes: "Falling back to a synchronous message for: https://blazedemo.com."
JavaScript error: https://blazedemo.com/assets/bootstrap.min.js, line 7: TypeError: a is not a function
JavaScript error: https://blazedemo.com/assets/bootstrap-table.js, line 1126: ReferenceError: jQuery is not defined
console.error: ({})
console.warn: LoginRecipes: "Falling back to a synchronous message for: https://blazedemo.com."
JavaScript error: https://blazedemo.com/assets/bootstrap.min.js, line 7: TypeError: a is not a function
JavaScript error: https://blazedemo.com/assets/bootstrap-table.js, line 1126: ReferenceError: jQuery is not defined
console.error: ({})
console.warn: LoginRecipes: "Falling back to a synchronous message for: https://blazedemo.com."
JavaScript error: https://blazedemo.com/assets/bootstrap.min.js, line 7: TypeError: a is not a function
JavaScript error: https://blazedemo.com/assets/bootstrap-table.js, line 1126: ReferenceError: jQuery is not defined
console.error: ({})
]]></system-err>
  </testcase>
</testsuite>